#
# There is insufficient memory for the Java Runtime Environment to continue.
# Native memory allocation (malloc) failed to allocate 1249296 bytes for Chunk::new
# Possible reasons:
#   The system is out of physical RAM or swap space
#   In 32 bit mode, the process size limit was hit
# Possible solutions:
#   Reduce memory load on the system
#   Increase physical memory or swap space
#   Check if swap backing store is full
#   Use 64 bit Java on a 64 bit OS
#   Decrease Java heap size (-Xmx/-Xms)
#   Decrease number of Java threads
#   Decrease Java thread stack sizes (-Xss)
#   Set larger code cache with -XX:ReservedCodeCacheSize=
# This output file may be truncated or incomplete.
#
#  Out of Memory Error (allocation.cpp:323), pid=45240, tid=41600
#
# JRE version: Java(TM) SE Runtime Environment (7.0_67-b01) (build 1.7.0_67-b01)
# Java VM: Java HotSpot(TM) 64-Bit Server VM (24.65-b04 mixed mode windows-amd64 compressed oops)
# Failed to write core dump. Minidumps are not enabled by default on client versions of Windows
#

---------------  T H R E A D  ---------------

Current thread (0x00000000089c0800):  JavaThread "C2 CompilerThread0" daemon [_thread_in_native, id=41600, stack(0x000000000a240000,0x000000000a340000)]

Stack: [0x000000000a240000,0x000000000a340000]
[error occurred during error reporting (printing stack bounds), id 0xc0000005]


[error occurred during error reporting (printing native stack), id 0xc0000005]


Current CompileTask:
C2:   7033  393             com.android.dx.ssa.DeadCodeRemover::run (194 bytes)


---------------  P R O C E S S  ---------------

Java Threads: ( => current thread )
  0x00000000089c4800 JavaThread "Service Thread" daemon [_thread_blocked, id=43124, stack(0x000000000a4a0000,0x000000000a5a0000)]
  0x00000000089c4000 JavaThread "C2 CompilerThread1" daemon [_thread_in_native, id=46148, stack(0x0000000009c10000,0x0000000009d10000)]
=>0x00000000089c0800 JavaThread "C2 CompilerThread0" daemon [_thread_in_native, id=41600, stack(0x000000000a240000,0x000000000a340000)]
  0x00000000089bf800 JavaThread "Attach Listener" daemon [_thread_blocked, id=24856, stack(0x000000000a060000,0x000000000a160000)]
  0x00000000089b8800 JavaThread "Signal Dispatcher" daemon [_thread_blocked, id=45284, stack(0x0000000009e80000,0x0000000009f80000)]
  0x0000000008964800 JavaThread "Finalizer" daemon [_thread_blocked, id=45368, stack(0x0000000009d20000,0x0000000009e20000)]
  0x000000000895d800 JavaThread "Reference Handler" daemon [_thread_blocked, id=45972, stack(0x0000000009af0000,0x0000000009bf0000)]
  0x000000000257e000 JavaThread "main" [_thread_in_Java, id=46792, stack(0x0000000002850000,0x0000000002950000)]

Other Threads:
  0x0000000008958000 VMThread [stack: 0x0000000009980000,0x0000000009a80000] [id=46448]
  0x00000000089d9000 WatcherThread [stack: 0x000000000aa20000,0x000000000ab20000] [id=33276]

VM state:not at safepoint (normal execution)

VM Mutex/Monitor currently owned by a thread: None

Heap
 PSYoungGen      total 57344K, used 46418K [0x00000000eaa80000, 0x00000000eea00000, 0x0000000100000000)
  eden space 49664K, 78% used [0x00000000eaa80000,0x00000000ed055df0,0x00000000edb00000)
  from space 7680K, 99% used [0x00000000edb00000,0x00000000ee27eaa8,0x00000000ee280000)
  to   space 7680K, 0% used [0x00000000ee280000,0x00000000ee280000,0x00000000eea00000)
 ParOldGen       total 130048K, used 1572K [0x00000000c0000000, 0x00000000c7f00000, 0x00000000eaa80000)
  object space 130048K, 1% used [0x00000000c0000000,0x00000000c0189300,0x00000000c7f00000)
 PSPermGen       total 21504K, used 5610K [0x00000000bae00000, 0x00000000bc300000, 0x00000000c0000000)
  object space 21504K, 26% used [0x00000000bae00000,0x00000000bb37ab10,0x00000000bc300000)

Card table byte_map: [0x0000000005950000,0x0000000005b80000] byte_map_base: 0x0000000005379000

Polling page: 0x0000000000130000

Code Cache  [0x0000000002950000, 0x0000000002bc0000, 0x0000000005950000)
 total_blobs=631 nmethods=397 adapters=186 free_code_cache=47605Kb largest_free_block=48711616

Compilation events (10 events):
Event: 6.760 Thread 0x00000000089c4000 nmethod 395 0x0000000002ac7190 code [0x0000000002ac72c0, 0x0000000002ac7338]
Event: 6.760 Thread 0x00000000089c4000  396             com.android.dx.cf.code.ConcreteMethod::makeSourcePosistion (21 bytes)
Event: 6.768 Thread 0x00000000089c4000 nmethod 396 0x0000000002ace150 code [0x0000000002ace2c0, 0x0000000002ace5f8]
Event: 6.768 Thread 0x00000000089c4000  397   !         java.util.BitSet::clone (48 bytes)
Event: 6.770 Thread 0x00000000089c4000 nmethod 397 0x0000000002acdc50 code [0x0000000002acddc0, 0x0000000002acdfc8]
Event: 6.770 Thread 0x00000000089c4000  398             com.android.dx.cf.code.BytecodeArray::processWorkSet (50 bytes)
Event: 6.776 Thread 0x00000000089c4000 nmethod 398 0x0000000002acd710 code [0x0000000002acd860, 0x0000000002acda88]
Event: 6.776 Thread 0x00000000089c4000  399             com.android.dx.cf.code.ExecutionStack::size (5 bytes)
Event: 6.777 Thread 0x00000000089c4000 nmethod 399 0x0000000002ac7990 code [0x0000000002ac7ac0, 0x0000000002ac7b18]
Event: 6.777 Thread 0x00000000089c4000  400   !         com.android.dx.cf.code.RopperMachine::run (1550 bytes)

GC Heap History (2 events):
Event: 4.508 GC heap before
{Heap before GC invocations=1 (full 0):
 PSYoungGen      total 57344K, used 49664K [0x00000000eaa80000, 0x00000000eea00000, 0x0000000100000000)
  eden space 49664K, 100% used [0x00000000eaa80000,0x00000000edb00000,0x00000000edb00000)
  from space 7680K, 0% used [0x00000000ee280000,0x00000000ee280000,0x00000000eea00000)
  to   space 7680K, 0% used [0x00000000edb00000,0x00000000edb00000,0x00000000ee280000)
 ParOldGen       total 130048K, used 0K [0x00000000c0000000, 0x00000000c7f00000, 0x00000000eaa80000)
  object space 130048K, 0% used [0x00000000c0000000,0x00000000c0000000,0x00000000c7f00000)
 PSPermGen       total 21504K, used 5554K [0x00000000bae00000, 0x00000000bc300000, 0x00000000c0000000)
  object space 21504K, 25% used [0x00000000bae00000,0x00000000bb36cbf0,0x00000000bc300000)
Event: 5.658 GC heap after
Heap after GC invocations=1 (full 0):
 PSYoungGen      total 57344K, used 7674K [0x00000000eaa80000, 0x00000000eea00000, 0x0000000100000000)
  eden space 49664K, 0% used [0x00000000eaa80000,0x00000000eaa80000,0x00000000edb00000)
  from space 7680K, 99% used [0x00000000edb00000,0x00000000ee27eaa8,0x00000000ee280000)
  to   space 7680K, 0% used [0x00000000ee280000,0x00000000ee280000,0x00000000eea00000)
 ParOldGen       total 130048K, used 1572K [0x00000000c0000000, 0x00000000c7f00000, 0x00000000eaa80000)
  object space 130048K, 1% used [0x00000000c0000000,0x00000000c0189300,0x00000000c7f00000)
 PSPermGen       total 21504K, used 5554K [0x00000000bae00000, 0x00000000bc300000, 0x00000000c0000000)
  object space 21504K, 25% used [0x00000000bae00000,0x00000000bb36cbf0,0x00000000bc300000)
}

Deoptimization events (10 events):
Event: 6.241 Thread 0x000000000257e000 Uncommon trap: reason=bimorphic action=maybe_recompile pc=0x0000000002a20cc0 method=java.util.HashMap.put(Ljava/lang/Object;Ljava/lang/Object;)Ljava/lang/Object; @ 83
Event: 6.308 Thread 0x000000000257e000 Uncommon trap: reason=bimorphic action=maybe_recompile pc=0x0000000002a20cc0 method=java.util.HashMap.put(Ljava/lang/Object;Ljava/lang/Object;)Ljava/lang/Object; @ 83
Event: 6.419 Thread 0x000000000257e000 Uncommon trap: reason=unreached action=reinterpret pc=0x0000000002a0e7d8 method=com.android.dx.ssa.LocalVariableExtractor.processBlock(I)V @ 251
Event: 6.441 Thread 0x000000000257e000 Uncommon trap: reason=unreached action=reinterpret pc=0x0000000002a28784 method=com.android.dx.rop.code.LocalVariableExtractor.processBlock(I)V @ 195
Event: 6.526 Thread 0x000000000257e000 Uncommon trap: reason=null_check action=make_not_entrant pc=0x00000000029fdf90 method=com.android.dx.rop.type.Type.equals(Ljava/lang/Object;)Z @ 8
Event: 6.529 Thread 0x000000000257e000 Uncommon trap: reason=bimorphic action=maybe_recompile pc=0x0000000002a20cc0 method=java.util.HashMap.put(Ljava/lang/Object;Ljava/lang/Object;)Ljava/lang/Object; @ 83
Event: 6.954 Thread 0x000000000257e000 Uncommon trap: reason=bimorphic action=maybe_recompile pc=0x0000000002a72fc8 method=com.android.dx.cf.code.BytecodeArray.parseInstruction(ILcom/android/dx/cf/code/BytecodeArray$Visitor;)I @ 923
Event: 6.954 Thread 0x000000000257e000 Uncommon trap: reason=bimorphic action=maybe_recompile pc=0x0000000002a72f48 method=com.android.dx.cf.code.BytecodeArray.parseInstruction(ILcom/android/dx/cf/code/BytecodeArray$Visitor;)I @ 907
Event: 6.954 Thread 0x000000000257e000 Uncommon trap: reason=bimorphic action=maybe_recompile pc=0x0000000002a74ae8 method=com.android.dx.cf.code.BytecodeArray.parseInstruction(ILcom/android/dx/cf/code/BytecodeArray$Visitor;)I @ 1287
Event: 6.954 Thread 0x000000000257e000 Uncommon trap: reason=bimorphic action=maybe_recompile pc=0x0000000002a72fc8 method=com.android.dx.cf.code.BytecodeArray.parseInstruction(ILcom/android/dx/cf/code/BytecodeArray$Visitor;)I @ 923

Internal exceptions (10 events):
Event: 2.231 Thread 0x000000000257e000 Implicit null exception at 0x00000000029d2360 to 0x00000000029d2d2d
Event: 2.416 Thread 0x000000000257e000 Threw 0x00000000eb7c9498 at C:\re\jdk7u67\1368\hotspot\src\share\vm\prims\jvm.cpp:1244
Event: 3.169 Thread 0x000000000257e000 Implicit null exception at 0x0000000002a00027 to 0x0000000002a00721
Event: 3.741 Thread 0x000000000257e000 Threw 0x00000000ec4e9850 at C:\re\jdk7u67\1368\hotspot\src\share\vm\prims\jvm.cpp:1244
Event: 3.872 Thread 0x000000000257e000 Threw 0x00000000ec64e7b8 at C:\re\jdk7u67\1368\hotspot\src\share\vm\prims\jvm.cpp:1244
Event: 5.705 Thread 0x000000000257e000 Threw 0x00000000eaa9e280 at C:\re\jdk7u67\1368\hotspot\src\share\vm\prims\jvm.cpp:1244
Event: 5.706 Thread 0x000000000257e000 Threw 0x00000000eaaa0540 at C:\re\jdk7u67\1368\hotspot\src\share\vm\prims\jvm.cpp:1244
Event: 5.708 Thread 0x000000000257e000 Threw 0x00000000eaaaefc8 at C:\re\jdk7u67\1368\hotspot\src\share\vm\prims\jvm.cpp:1244
Event: 6.108 Thread 0x000000000257e000 Threw 0x00000000eb483790 at C:\re\jdk7u67\1368\hotspot\src\share\vm\prims\jvm.cpp:1244
Event: 6.526 Thread 0x000000000257e000 Implicit null exception at 0x00000000029fde92 to 0x00000000029fdf82

Events (10 events):
Event: 6.954 Thread 0x000000000257e000 DEOPT UNPACKING pc=0x00000000029875a4 sp=0x000000000294e958 mode 2
Event: 6.954 Thread 0x000000000257e000 Uncommon trap: trap_request=0xffffffc6 fr.pc=0x0000000002a72f48
Event: 6.954 Thread 0x000000000257e000 DEOPT PACKING pc=0x0000000002a72f48 sp=0x000000000294e9b0
Event: 6.954 Thread 0x000000000257e000 DEOPT UNPACKING pc=0x00000000029875a4 sp=0x000000000294e958 mode 2
Event: 6.954 Thread 0x000000000257e000 Uncommon trap: trap_request=0xffffffc6 fr.pc=0x0000000002a74ae8
Event: 6.954 Thread 0x000000000257e000 DEOPT PACKING pc=0x0000000002a74ae8 sp=0x000000000294e9b0
Event: 6.954 Thread 0x000000000257e000 DEOPT UNPACKING pc=0x00000000029875a4 sp=0x000000000294e958 mode 2
Event: 6.954 Thread 0x000000000257e000 Uncommon trap: trap_request=0xffffffc6 fr.pc=0x0000000002a72fc8
Event: 6.954 Thread 0x000000000257e000 DEOPT PACKING pc=0x0000000002a72fc8 sp=0x000000000294ea40
Event: 6.954 Thread 0x000000000257e000 DEOPT UNPACKING pc=0x00000000029875a4 sp=0x000000000294e9e8 mode 2


Dynamic libraries:
0x000000013f530000 - 0x000000013f563000 	C:\Program Files\Java\jdk1.7.0_67\bin\java.exe
0x0000000076eb0000 - 0x0000000077059000 	C:\Windows\SYSTEM32\ntdll.dll
0x0000000076d90000 - 0x0000000076eaf000 	C:\Windows\system32\kernel32.dll
0x000007fefcdb0000 - 0x000007fefce1c000 	C:\Windows\system32\KERNELBASE.dll
0x000007fefd820000 - 0x000007fefd8fb000 	C:\Windows\system32\ADVAPI32.dll
0x000007fefd2c0000 - 0x000007fefd35f000 	C:\Windows\system32\msvcrt.dll
0x000007fefea00000 - 0x000007fefea1f000 	C:\Windows\SYSTEM32\sechost.dll
0x000007fefee00000 - 0x000007fefef2d000 	C:\Windows\system32\RPCRT4.dll
0x0000000076c90000 - 0x0000000076d8a000 	C:\Windows\system32\USER32.dll
0x000007fefecd0000 - 0x000007fefed37000 	C:\Windows\system32\GDI32.dll
0x000007fefd360000 - 0x000007fefd36e000 	C:\Windows\system32\LPK.dll
0x000007fefd900000 - 0x000007fefd9c9000 	C:\Windows\system32\USP10.dll
0x000007fefb0d0000 - 0x000007fefb2c4000 	C:\Windows\WinSxS\amd64_microsoft.windows.common-controls_6595b64144ccf1df_6.0.7601.18837_none_fa3b1e3d17594757\COMCTL32.dll
0x000007fefdac0000 - 0x000007fefdb31000 	C:\Windows\system32\SHLWAPI.dll
0x000007fefe930000 - 0x000007fefe95e000 	C:\Windows\system32\IMM32.DLL
0x000007fefd020000 - 0x000007fefd129000 	C:\Windows\system32\MSCTF.dll
0x000007fefcb90000 - 0x000007fefcbc1000 	C:\Windows\system32\nvinitx.dll
0x000000000f000000 - 0x000000000f006000 	C:\Program Files\NVIDIA Corporation\CoProcManager\detoured.dll
0x000007fef9130000 - 0x000007fef915d000 	C:\Program Files\NVIDIA Corporation\CoProcManager\nvd3d9wrapx.dll
0x000007fefd640000 - 0x000007fefd817000 	C:\Windows\system32\SETUPAPI.dll
0x000007fefcc80000 - 0x000007fefccb6000 	C:\Windows\system32\CFGMGR32.dll
0x000007fefd9d0000 - 0x000007fefdaa7000 	C:\Windows\system32\OLEAUT32.dll
0x000007fefef30000 - 0x000007feff133000 	C:\Windows\system32\ole32.dll
0x000007fefce40000 - 0x000007fefce5a000 	C:\Windows\system32\DEVOBJ.dll
0x000007fef8cf0000 - 0x000007fef8d12000 	C:\Program Files\NVIDIA Corporation\CoProcManager\nvdxgiwrapx.dll
0x0000000078ea0000 - 0x0000000078f72000 	C:\Program Files\Java\jdk1.7.0_67\jre\bin\msvcr100.dll
0x000000006ea60000 - 0x000000006f232000 	C:\Program Files\Java\jdk1.7.0_67\jre\bin\server\jvm.dll
0x000007fef7bf0000 - 0x000007fef7bf9000 	C:\Windows\system32\WSOCK32.dll
0x000007fefec80000 - 0x000007fefeccd000 	C:\Windows\system32\WS2_32.dll
0x000007fefdab0000 - 0x000007fefdab8000 	C:\Windows\system32\NSI.dll
0x000007fef9210000 - 0x000007fef924b000 	C:\Windows\system32\WINMM.dll
0x0000000077070000 - 0x0000000077077000 	C:\Windows\system32\PSAPI.DLL
0x0000000072a10000 - 0x0000000072a1f000 	C:\Program Files\Java\jdk1.7.0_67\jre\bin\verify.dll
0x00000000552c0000 - 0x00000000552e8000 	C:\Program Files\Java\jdk1.7.0_67\jre\bin\java.dll
0x00000000665c0000 - 0x00000000665d5000 	C:\Program Files\Java\jdk1.7.0_67\jre\bin\zip.dll
0x0000000064f90000 - 0x0000000064fa9000 	C:\Program Files\Java\jdk1.7.0_67\jre\bin\net.dll
0x000007fefc400000 - 0x000007fefc455000 	C:\Windows\system32\mswsock.dll
0x000007fefc3f0000 - 0x000007fefc3f7000 	C:\Windows\System32\wship6.dll
0x0000000064f70000 - 0x0000000064f81000 	C:\Program Files\Java\jdk1.7.0_67\jre\bin\nio.dll

VM Arguments:
jvm_args: -Xmx1024M -Dfile.encoding=windows-1252 -Duser.country=US -Duser.language=en -Duser.variant 
java_command: com.android.dx.command.Main --dex --output C:\Users\Sony\AndroidStudioProjects\Downloader\app\build\intermediates\pre-dexed\debug\classes-e8707b4cec14b80fdc818872f3f4d782d52ca026.jar C:\Users\Sony\AndroidStudioProjects\Downloader\app\build\intermediates\exploded-aar\com.android.support\support-v4\22.2.0\jars\classes.jar
Launcher Type: SUN_STANDARD

Environment Variables:
PATH=C:\Program Files\Common Files\Microsoft Shared\Windows Live;C:\Program Files (x86)\Common Files\Microsoft Shared\Windows Live;C:\Program Files (x86)\NVIDIA Corporation\PhysX\Common;C:\Windows\system32;C:\Windows;C:\Windows\System32\Wbem;C:\Windows\System32\WindowsPowerShell\v1.0\;C:\Program Files\Intel\WiFi\bin\;C:\Program Files\Common Files\Intel\WirelessCommon\;C:\Program Files (x86)\Intel\OpenCL SDK\2.0\bin\x86;C:\Program Files (x86)\Intel\OpenCL SDK\2.0\bin\x64;C:\Program Files\MATLAB\R2012b\runtime\win64;C:\Program Files\MATLAB\R2012b\bin;C:\Program Files (x86)\Windows Live\Shared;C:\OrCAD\OrCAD_16.6_Lite\tools\pcb\bin;C:\OrCAD\OrCAD_16.6_Lite\tools\fet\bin;C:\OrCAD\OrCAD_16.6_Lite\OpenAccess\bin\win32\opt;C:\OrCAD\OrCAD_16.6_Lite\tools\bin;C:\OrCAD\OrCAD_16.6_Lite\tools\Capture;C:\OrCAD\OrCAD_16.6_Lite\tools\PSpice;C:\Program Files\Intel\WiFi\bin\;C:\Program Files\Common Files\Intel\WirelessCommon\
USERNAME=Sony
OS=Windows_NT
PROCESSOR_IDENTIFIER=Intel64 Family 6 Model 58 Stepping 9, GenuineIntel



---------------  S Y S T E M  ---------------

OS: Windows 7 , 64 bit Build 7601 Service Pack 1

CPU:total 4 (2 cores per cpu, 2 threads per core) family 6 model 58 stepping 9, cmov, cx8, fxsr, mmx, sse, sse2, sse3, ssse3, sse4.1, sse4.2, popcnt, avx, aes, erms, ht, tsc, tscinvbit, tscinv

Memory: 4k page, physical 12479772k(2165448k free), swap 13526508k(5096k free)

vm_info: Java HotSpot(TM) 64-Bit Server VM (24.65-b04) for windows-amd64 JRE (1.7.0_67-b01), built on Jul 25 2014 08:55:00 by "java_re" with unknown MS VC++:1600

time: Fri Aug 28 22:07:11 2015
elapsed time: 7 seconds

