#
# There is insufficient memory for the Java Runtime Environment to continue.
# Native memory allocation (malloc) failed to allocate 131088 bytes for Chunk::new
# Possible reasons:
#   The system is out of physical RAM or swap space
#   In 32 bit mode, the process size limit was hit
# Possible solutions:
#   Reduce memory load on the system
#   Increase physical memory or swap space
#   Check if swap backing store is full
#   Use 64 bit Java on a 64 bit OS
#   Decrease Java heap size (-Xmx/-Xms)
#   Decrease number of Java threads
#   Decrease Java thread stack sizes (-Xss)
#   Set larger code cache with -XX:ReservedCodeCacheSize=
# This output file may be truncated or incomplete.
#
#  Out of Memory Error (allocation.cpp:323), pid=46124, tid=45788
#
# JRE version: Java(TM) SE Runtime Environment (7.0_67-b01) (build 1.7.0_67-b01)
# Java VM: Java HotSpot(TM) 64-Bit Server VM (24.65-b04 mixed mode windows-amd64 compressed oops)
# Failed to write core dump. Minidumps are not enabled by default on client versions of Windows
#

---------------  T H R E A D  ---------------

Current thread (0x00000000088ef800):  JavaThread "C2 CompilerThread0" daemon [_thread_in_native, id=45788, stack(0x000000000a060000,0x000000000a160000)]

Stack: [0x000000000a060000,0x000000000a160000]
[error occurred during error reporting (printing stack bounds), id 0xc0000005]


Current CompileTask:
C2:   7927  426   !         com.android.dx.cf.code.RopperMachine::run (1550 bytes)


---------------  P R O C E S S  ---------------

Java Threads: ( => current thread )
  0x00000000088ff800 JavaThread "Service Thread" daemon [_thread_blocked, id=32920, stack(0x000000000a2e0000,0x000000000a3e0000)]
  0x00000000088fb000 JavaThread "C2 CompilerThread1" daemon [_thread_in_native, id=40940, stack(0x0000000009b60000,0x0000000009c60000)]
=>0x00000000088ef800 JavaThread "C2 CompilerThread0" daemon [_thread_in_native, id=45788, stack(0x000000000a060000,0x000000000a160000)]
  0x00000000088ee800 JavaThread "Attach Listener" daemon [_thread_blocked, id=46968, stack(0x0000000009e40000,0x0000000009f40000)]
  0x00000000088e7000 JavaThread "Signal Dispatcher" daemon [_thread_blocked, id=45608, stack(0x0000000009cb0000,0x0000000009db0000)]
  0x000000000888f000 JavaThread "Finalizer" daemon [_thread_blocked, id=45092, stack(0x0000000009a30000,0x0000000009b30000)]
  0x000000000888d800 JavaThread "Reference Handler" daemon [_thread_blocked, id=38756, stack(0x0000000009700000,0x0000000009800000)]
  0x000000000011e000 JavaThread "main" [_thread_in_Java, id=43096, stack(0x0000000002700000,0x0000000002800000)]

Other Threads:
  0x0000000008888000 VMThread [stack: 0x0000000009800000,0x0000000009900000] [id=45632]
  0x0000000008909000 WatcherThread [stack: 0x000000000a7f0000,0x000000000a8f0000] [id=46616]

VM state:not at safepoint (normal execution)

VM Mutex/Monitor currently owned by a thread: None

Heap
 PSYoungGen      total 57344K, used 42735K [0x00000000eaa80000, 0x00000000f1a80000, 0x0000000100000000)
  eden space 49664K, 70% used [0x00000000eaa80000,0x00000000eccc32e8,0x00000000edb00000)
  from space 7680K, 99% used [0x00000000edb00000,0x00000000ee278cc8,0x00000000ee280000)
  to   space 7680K, 0% used [0x00000000f1300000,0x00000000f1300000,0x00000000f1a80000)
 ParOldGen       total 130048K, used 1367K [0x00000000c0000000, 0x00000000c7f00000, 0x00000000eaa80000)
  object space 130048K, 1% used [0x00000000c0000000,0x00000000c0155eb8,0x00000000c7f00000)
 PSPermGen       total 21504K, used 5610K [0x00000000bae00000, 0x00000000bc300000, 0x00000000c0000000)
  object space 21504K, 26% used [0x00000000bae00000,0x00000000bb37ab88,0x00000000bc300000)

Card table byte_map: [0x0000000005800000,0x0000000005a30000] byte_map_base: 0x0000000005229000

Polling page: 0x0000000000140000

Code Cache  [0x0000000002800000, 0x0000000002a70000, 0x0000000005800000)
 total_blobs=661 nmethods=427 adapters=186 free_code_cache=47419Kb largest_free_block=48528064

Compilation events (10 events):
Event: 7.893 Thread 0x00000000088fb000 nmethod 432 0x0000000002999210 code [0x0000000002999360, 0x0000000002999548]
Event: 7.893 Thread 0x00000000088fb000  433             com.android.dx.ssa.back.FirstFitLocalCombiningAllocator::canMapReg (32 bytes)
Event: 7.899 Thread 0x00000000088fb000 nmethod 433 0x0000000002990b10 code [0x0000000002990c80, 0x0000000002990fe8]
Event: 7.899 Thread 0x00000000088fb000  434             com.android.dx.ssa.InterferenceRegisterMapper::interferes (14 bytes)
Event: 7.904 Thread 0x00000000088fb000 nmethod 434 0x0000000002998950 code [0x0000000002998ac0, 0x0000000002998d68]
Event: 7.904 Thread 0x00000000088fb000  435             com.android.dx.ssa.PhiInsn::getSources (95 bytes)
Event: 7.913 Thread 0x00000000088fb000 nmethod 435 0x0000000002990310 code [0x0000000002990480, 0x0000000002990878]
Event: 7.913 Thread 0x00000000088fb000  436             com.android.dx.rop.code.Insn$BaseVisitor::visitPlainInsn (1 bytes)
Event: 7.914 Thread 0x00000000088fb000 nmethod 436 0x0000000002998710 code [0x0000000002998840, 0x0000000002998898]
Event: 7.914 Thread 0x00000000088fb000  437             com.android.dx.dex.code.RopTranslator$LocalVariableAwareTranslationVisitor::visitPlainInsn (11 bytes)

GC Heap History (2 events):
Event: 4.682 GC heap before
{Heap before GC invocations=1 (full 0):
 PSYoungGen      total 57344K, used 49664K [0x00000000eaa80000, 0x00000000eea00000, 0x0000000100000000)
  eden space 49664K, 100% used [0x00000000eaa80000,0x00000000edb00000,0x00000000edb00000)
  from space 7680K, 0% used [0x00000000ee280000,0x00000000ee280000,0x00000000eea00000)
  to   space 7680K, 0% used [0x00000000edb00000,0x00000000edb00000,0x00000000ee280000)
 ParOldGen       total 130048K, used 0K [0x00000000c0000000, 0x00000000c7f00000, 0x00000000eaa80000)
  object space 130048K, 0% used [0x00000000c0000000,0x00000000c0000000,0x00000000c7f00000)
 PSPermGen       total 21504K, used 5547K [0x00000000bae00000, 0x00000000bc300000, 0x00000000c0000000)
  object space 21504K, 25% used [0x00000000bae00000,0x00000000bb36ac28,0x00000000bc300000)
Event: 6.555 GC heap after
Heap after GC invocations=1 (full 0):
 PSYoungGen      total 57344K, used 7651K [0x00000000eaa80000, 0x00000000f1a80000, 0x0000000100000000)
  eden space 49664K, 0% used [0x00000000eaa80000,0x00000000eaa80000,0x00000000edb00000)
  from space 7680K, 99% used [0x00000000edb00000,0x00000000ee278cc8,0x00000000ee280000)
  to   space 7680K, 0% used [0x00000000f1300000,0x00000000f1300000,0x00000000f1a80000)
 ParOldGen       total 130048K, used 1367K [0x00000000c0000000, 0x00000000c7f00000, 0x00000000eaa80000)
  object space 130048K, 1% used [0x00000000c0000000,0x00000000c0155eb8,0x00000000c7f00000)
 PSPermGen       total 21504K, used 5547K [0x00000000bae00000, 0x00000000bc300000, 0x00000000c0000000)
  object space 21504K, 25% used [0x00000000bae00000,0x00000000bb36ac28,0x00000000bc300000)
}

Deoptimization events (10 events):
Event: 7.045 Thread 0x000000000011e000 Uncommon trap: reason=bimorphic action=maybe_recompile pc=0x0000000002949464 method=com.android.dx.ssa.LiteralOpUpgrader.tryReplacingWithConstant(Lcom/android/dx/ssa/NormalSsaInsn;)Z @ 52
Event: 7.051 Thread 0x000000000011e000 Uncommon trap: reason=bimorphic action=maybe_recompile pc=0x0000000002949464 method=com.android.dx.ssa.LiteralOpUpgrader.tryReplacingWithConstant(Lcom/android/dx/ssa/NormalSsaInsn;)Z @ 52
Event: 7.051 Thread 0x000000000011e000 Uncommon trap: reason=bimorphic action=maybe_recompile pc=0x0000000002949464 method=com.android.dx.ssa.LiteralOpUpgrader.tryReplacingWithConstant(Lcom/android/dx/ssa/NormalSsaInsn;)Z @ 52
Event: 7.309 Thread 0x000000000011e000 Uncommon trap: reason=class_check action=maybe_recompile pc=0x00000000029073a8 method=com.android.dx.cf.code.Ropper.processBlock(Lcom/android/dx/cf/code/ByteBlock;Lcom/android/dx/cf/code/Frame;[I)V @ 777
Event: 7.349 Thread 0x000000000011e000 Uncommon trap: reason=class_check action=maybe_recompile pc=0x00000000028cd83c method=java.util.HashMap.put(Ljava/lang/Object;Ljava/lang/Object;)Ljava/lang/Object; @ 83
Event: 7.349 Thread 0x000000000011e000 Uncommon trap: reason=class_check action=maybe_recompile pc=0x00000000028cd83c method=java.util.HashMap.put(Ljava/lang/Object;Ljava/lang/Object;)Ljava/lang/Object; @ 83
Event: 7.349 Thread 0x000000000011e000 Uncommon trap: reason=class_check action=maybe_recompile pc=0x00000000028cd83c method=java.util.HashMap.put(Ljava/lang/Object;Ljava/lang/Object;)Ljava/lang/Object; @ 83
Event: 7.353 Thread 0x000000000011e000 Uncommon trap: reason=class_check action=maybe_recompile pc=0x00000000029073a8 method=com.android.dx.cf.code.Ropper.processBlock(Lcom/android/dx/cf/code/ByteBlock;Lcom/android/dx/cf/code/Frame;[I)V @ 777
Event: 7.464 Thread 0x000000000011e000 Uncommon trap: reason=bimorphic action=maybe_recompile pc=0x0000000002949464 method=com.android.dx.ssa.LiteralOpUpgrader.tryReplacingWithConstant(Lcom/android/dx/ssa/NormalSsaInsn;)Z @ 52
Event: 7.904 Thread 0x000000000011e000 Uncommon trap: reason=null_check action=make_not_entrant pc=0x00000000029b61c4 method=com.android.dx.dex.file.MethodIdsSection.intern(Lcom/android/dx/rop/cst/CstBaseMethodRef;)Lcom/android/dx/dex/file/MethodIdItem; @ 26

Internal exceptions (10 events):
Event: 3.421 Thread 0x000000000011e000 Threw 0x00000000ec93a898 at C:\re\jdk7u67\1368\hotspot\src\share\vm\prims\jvm.cpp:1244
Event: 3.887 Thread 0x000000000011e000 Implicit null exception at 0x00000000029032f7 to 0x00000000029039e1
Event: 4.424 Thread 0x000000000011e000 Implicit null exception at 0x000000000293ad54 to 0x000000000293c299
Event: 4.528 Thread 0x000000000011e000 Threw 0x00000000ed81d8d8 at C:\re\jdk7u67\1368\hotspot\src\share\vm\prims\jvm.cpp:1244
Event: 6.815 Thread 0x000000000011e000 Threw 0x00000000eb08ddf0 at C:\re\jdk7u67\1368\hotspot\src\share\vm\prims\jvm.cpp:1244
Event: 6.816 Thread 0x000000000011e000 Threw 0x00000000eb090318 at C:\re\jdk7u67\1368\hotspot\src\share\vm\prims\jvm.cpp:1244
Event: 6.882 Thread 0x000000000011e000 Threw 0x00000000eb2bf7a0 at C:\re\jdk7u67\1368\hotspot\src\share\vm\prims\jvm.cpp:1244
Event: 6.883 Thread 0x000000000011e000 Threw 0x00000000eb2c4fe0 at C:\re\jdk7u67\1368\hotspot\src\share\vm\prims\jvm.cpp:1244
Event: 6.884 Thread 0x000000000011e000 Threw 0x00000000eb2ca5a8 at C:\re\jdk7u67\1368\hotspot\src\share\vm\prims\jvm.cpp:1244
Event: 7.904 Thread 0x000000000011e000 Implicit null exception at 0x00000000029b54b8 to 0x00000000029b61b5

Events (10 events):
Event: 7.349 Thread 0x000000000011e000 DEOPT UNPACKING pc=0x00000000028375a4 sp=0x00000000027fe990 mode 2
Event: 7.353 Thread 0x000000000011e000 Uncommon trap: trap_request=0xffffffde fr.pc=0x00000000029073a8
Event: 7.353 Thread 0x000000000011e000 DEOPT PACKING pc=0x00000000029073a8 sp=0x00000000027febc0
Event: 7.354 Thread 0x000000000011e000 DEOPT UNPACKING pc=0x00000000028375a4 sp=0x00000000027feb38 mode 2
Event: 7.464 Thread 0x000000000011e000 Uncommon trap: trap_request=0xffffffc6 fr.pc=0x0000000002949464
Event: 7.464 Thread 0x000000000011e000 DEOPT PACKING pc=0x0000000002949464 sp=0x00000000027fe9e0
Event: 7.464 Thread 0x000000000011e000 DEOPT UNPACKING pc=0x00000000028375a4 sp=0x00000000027fe910 mode 2
Event: 7.904 Thread 0x000000000011e000 Uncommon trap: trap_request=0xfffffff4 fr.pc=0x00000000029b61c4
Event: 7.904 Thread 0x000000000011e000 DEOPT PACKING pc=0x00000000029b61c4 sp=0x00000000027fee80
Event: 7.904 Thread 0x000000000011e000 DEOPT UNPACKING pc=0x00000000028375a4 sp=0x00000000027fedd8 mode 2


Dynamic libraries:
0x000000013f530000 - 0x000000013f563000 	C:\Program Files\Java\jdk1.7.0_67\bin\java.exe
0x0000000076eb0000 - 0x0000000077059000 	C:\Windows\SYSTEM32\ntdll.dll
0x0000000076d90000 - 0x0000000076eaf000 	C:\Windows\system32\kernel32.dll
0x000007fefcdb0000 - 0x000007fefce1c000 	C:\Windows\system32\KERNELBASE.dll
0x000007fefd820000 - 0x000007fefd8fb000 	C:\Windows\system32\ADVAPI32.dll
0x000007fefd2c0000 - 0x000007fefd35f000 	C:\Windows\system32\msvcrt.dll
0x000007fefea00000 - 0x000007fefea1f000 	C:\Windows\SYSTEM32\sechost.dll
0x000007fefee00000 - 0x000007fefef2d000 	C:\Windows\system32\RPCRT4.dll
0x0000000076c90000 - 0x0000000076d8a000 	C:\Windows\system32\USER32.dll
0x000007fefecd0000 - 0x000007fefed37000 	C:\Windows\system32\GDI32.dll
0x000007fefd360000 - 0x000007fefd36e000 	C:\Windows\system32\LPK.dll
0x000007fefd900000 - 0x000007fefd9c9000 	C:\Windows\system32\USP10.dll
0x000007fefb0d0000 - 0x000007fefb2c4000 	C:\Windows\WinSxS\amd64_microsoft.windows.common-controls_6595b64144ccf1df_6.0.7601.18837_none_fa3b1e3d17594757\COMCTL32.dll
0x000007fefdac0000 - 0x000007fefdb31000 	C:\Windows\system32\SHLWAPI.dll
0x000007fefe930000 - 0x000007fefe95e000 	C:\Windows\system32\IMM32.DLL
0x000007fefd020000 - 0x000007fefd129000 	C:\Windows\system32\MSCTF.dll
0x000007fefcb90000 - 0x000007fefcbc1000 	C:\Windows\system32\nvinitx.dll
0x000000000f000000 - 0x000000000f006000 	C:\Program Files\NVIDIA Corporation\CoProcManager\detoured.dll
0x000007fef9130000 - 0x000007fef915d000 	C:\Program Files\NVIDIA Corporation\CoProcManager\nvd3d9wrapx.dll
0x000007fefd640000 - 0x000007fefd817000 	C:\Windows\system32\SETUPAPI.dll
0x000007fefcc80000 - 0x000007fefccb6000 	C:\Windows\system32\CFGMGR32.dll
0x000007fefd9d0000 - 0x000007fefdaa7000 	C:\Windows\system32\OLEAUT32.dll
0x000007fefef30000 - 0x000007feff133000 	C:\Windows\system32\ole32.dll
0x000007fefce40000 - 0x000007fefce5a000 	C:\Windows\system32\DEVOBJ.dll
0x000007fef8cf0000 - 0x000007fef8d12000 	C:\Program Files\NVIDIA Corporation\CoProcManager\nvdxgiwrapx.dll
0x0000000078ea0000 - 0x0000000078f72000 	C:\Program Files\Java\jdk1.7.0_67\jre\bin\msvcr100.dll
0x000000006ea60000 - 0x000000006f232000 	C:\Program Files\Java\jdk1.7.0_67\jre\bin\server\jvm.dll
0x000007fef7bf0000 - 0x000007fef7bf9000 	C:\Windows\system32\WSOCK32.dll
0x000007fefec80000 - 0x000007fefeccd000 	C:\Windows\system32\WS2_32.dll
0x000007fefdab0000 - 0x000007fefdab8000 	C:\Windows\system32\NSI.dll
0x000007fef9210000 - 0x000007fef924b000 	C:\Windows\system32\WINMM.dll
0x0000000077070000 - 0x0000000077077000 	C:\Windows\system32\PSAPI.DLL
0x0000000072a10000 - 0x0000000072a1f000 	C:\Program Files\Java\jdk1.7.0_67\jre\bin\verify.dll
0x00000000552c0000 - 0x00000000552e8000 	C:\Program Files\Java\jdk1.7.0_67\jre\bin\java.dll
0x00000000665c0000 - 0x00000000665d5000 	C:\Program Files\Java\jdk1.7.0_67\jre\bin\zip.dll
0x0000000064f90000 - 0x0000000064fa9000 	C:\Program Files\Java\jdk1.7.0_67\jre\bin\net.dll
0x000007fefc400000 - 0x000007fefc455000 	C:\Windows\system32\mswsock.dll
0x000007fefc3f0000 - 0x000007fefc3f7000 	C:\Windows\System32\wship6.dll
0x0000000064f70000 - 0x0000000064f81000 	C:\Program Files\Java\jdk1.7.0_67\jre\bin\nio.dll

VM Arguments:
jvm_args: -Xmx1024M -Dfile.encoding=windows-1252 -Duser.country=US -Duser.language=en -Duser.variant 
java_command: com.android.dx.command.Main --dex --output C:\Users\Sony\AndroidStudioProjects\Downloader\app\build\intermediates\pre-dexed\debug\classes-1a091403c97b9809815be575e85fef6de3bc06b6.jar C:\Users\Sony\AndroidStudioProjects\Downloader\app\build\intermediates\exploded-aar\com.android.support\appcompat-v7\22.2.0\jars\classes.jar
Launcher Type: SUN_STANDARD

Environment Variables:



---------------  S Y S T E M  ---------------

OS: Windows 7 , 64 bit Build 7601 Service Pack 1

CPU:total 4 (2 cores per cpu, 2 threads per core) family 6 model 58 stepping 9, cmov, cx8, fxsr, mmx, sse, sse2, sse3, ssse3, sse4.1, sse4.2, popcnt, avx, aes, erms, ht, tsc, tscinvbit, tscinv

Memory: 4k page, physical 12479772k(2165344k free), swap 13526508k(5080k free)

vm_info: Java HotSpot(TM) 64-Bit Server VM (24.65-b04) for windows-amd64 JRE (1.7.0_67-b01), built on Jul 25 2014 08:55:00 by "java_re" with unknown MS VC++:1600

time: Fri Aug 28 22:07:11 2015
elapsed time: 7 seconds

