#
# There is insufficient memory for the Java Runtime Environment to continue.
# Native memory allocation (malloc) failed to allocate 262160 bytes for Chunk::new
# Possible reasons:
#   The system is out of physical RAM or swap space
#   In 32 bit mode, the process size limit was hit
# Possible solutions:
#   Reduce memory load on the system
#   Increase physical memory or swap space
#   Check if swap backing store is full
#   Use 64 bit Java on a 64 bit OS
#   Decrease Java heap size (-Xmx/-Xms)
#   Decrease number of Java threads
#   Decrease Java thread stack sizes (-Xss)
#   Set larger code cache with -XX:ReservedCodeCacheSize=
# This output file may be truncated or incomplete.
#
#  Out of Memory Error (allocation.cpp:323), pid=35760, tid=30772
#
# JRE version: Java(TM) SE Runtime Environment (7.0_67-b01) (build 1.7.0_67-b01)
# Java VM: Java HotSpot(TM) 64-Bit Server VM (24.65-b04 mixed mode windows-amd64 compressed oops)
# Failed to write core dump. Minidumps are not enabled by default on client versions of Windows
#

---------------  T H R E A D  ---------------

Current thread (0x0000000008863000):  JavaThread "C2 CompilerThread1" daemon [_thread_in_native, id=30772, stack(0x000000000a020000,0x000000000a120000)]

Stack: [0x000000000a020000,0x000000000a120000]
[error occurred during error reporting (printing stack bounds), id 0xc0000005]


[error occurred during error reporting (printing native stack), id 0xc0000005]


Current CompileTask:
C2:   6700  276   !         com.android.dx.cf.code.BytecodeArray::parseInstruction (2764 bytes)


---------------  P R O C E S S  ---------------

Java Threads: ( => current thread )
  0x0000000008863800 JavaThread "Service Thread" daemon [_thread_blocked, id=34844, stack(0x000000000a120000,0x000000000a220000)]
=>0x0000000008863000 JavaThread "C2 CompilerThread1" daemon [_thread_in_native, id=30772, stack(0x000000000a020000,0x000000000a120000)]
  0x000000000885f800 JavaThread "C2 CompilerThread0" daemon [_thread_blocked, id=34764, stack(0x0000000009ee0000,0x0000000009fe0000)]
  0x000000000885e800 JavaThread "Attach Listener" daemon [_thread_blocked, id=33608, stack(0x00000000097d0000,0x00000000098d0000)]
  0x0000000008857000 JavaThread "Signal Dispatcher" daemon [_thread_blocked, id=21776, stack(0x0000000009cb0000,0x0000000009db0000)]
  0x0000000008804800 JavaThread "Finalizer" daemon [_thread_blocked, id=27260, stack(0x0000000009a20000,0x0000000009b20000)]
  0x00000000087fd800 JavaThread "Reference Handler" daemon [_thread_blocked, id=30472, stack(0x0000000009b30000,0x0000000009c30000)]
  0x00000000023be000 JavaThread "main" [_thread_in_Java, id=33920, stack(0x0000000002770000,0x0000000002870000)]

Other Threads:
  0x00000000087f8000 VMThread [stack: 0x0000000009900000,0x0000000009a00000] [id=34536]
  0x0000000008865000 WatcherThread [stack: 0x000000000a260000,0x000000000a360000] [id=34428]

VM state:not at safepoint (normal execution)

VM Mutex/Monitor currently owned by a thread: None

Heap
 PSYoungGen      total 57344K, used 42728K [0x00000000eaa80000, 0x00000000eea00000, 0x0000000100000000)
  eden space 49664K, 86% used [0x00000000eaa80000,0x00000000ed43a358,0x00000000edb00000)
  from space 7680K, 0% used [0x00000000ee280000,0x00000000ee280000,0x00000000eea00000)
  to   space 7680K, 0% used [0x00000000edb00000,0x00000000edb00000,0x00000000ee280000)
 ParOldGen       total 130048K, used 0K [0x00000000c0000000, 0x00000000c7f00000, 0x00000000eaa80000)
  object space 130048K, 0% used [0x00000000c0000000,0x00000000c0000000,0x00000000c7f00000)
 PSPermGen       total 21504K, used 5550K [0x00000000bae00000, 0x00000000bc300000, 0x00000000c0000000)
  object space 21504K, 25% used [0x00000000bae00000,0x00000000bb36b950,0x00000000bc300000)

Card table byte_map: [0x0000000005870000,0x0000000005aa0000] byte_map_base: 0x0000000005299000

Polling page: 0x00000000001d0000

Code Cache  [0x0000000002870000, 0x0000000002ae0000, 0x0000000005870000)
 total_blobs=511 nmethods=277 adapters=186 free_code_cache=48058Kb largest_free_block=49175808

Compilation events (10 events):
Event: 6.591 Thread 0x000000000885f800 nmethod 272 0x000000000296c9d0 code [0x000000000296cb20, 0x000000000296cbf8]
Event: 6.593 Thread 0x0000000008863000  274             com.android.dx.ssa.SsaRenamer$BlockRenamer::processResultReg (56 bytes)
Event: 6.596 Thread 0x0000000008863000 nmethod 274 0x000000000297bb10 code [0x000000000297bc60, 0x000000000297bd98]
Event: 6.655 Thread 0x000000000885f800  275             java.util.HashSet::<init> (16 bytes)
Event: 6.657 Thread 0x000000000885f800 nmethod 275 0x000000000297b810 code [0x000000000297b960, 0x000000000297ba78]
Event: 6.661 Thread 0x000000000885f800  277             com.android.dx.cf.code.ByteOps::opInfo (6 bytes)
Event: 6.661 Thread 0x0000000008863000  276   !         com.android.dx.cf.code.BytecodeArray::parseInstruction (2764 bytes)
Event: 6.662 Thread 0x000000000885f800 nmethod 277 0x000000000297b610 code [0x000000000297b740, 0x000000000297b798]
Event: 6.663 Thread 0x000000000885f800  278             com.android.dx.cf.code.Ropper::addExceptionSetupBlocks (203 bytes)
Event: 6.687 Thread 0x000000000885f800 nmethod 278 0x0000000002988610 code [0x0000000002988880, 0x0000000002989260]

GC Heap History (0 events):
No events

Deoptimization events (6 events):
Event: 1.708 Thread 0x00000000023be000 Uncommon trap: reason=null_check action=make_not_entrant pc=0x00000000028f3820 method=com.android.dx.rop.code.LocalItem.equals(Ljava/lang/Object;)Z @ 1
Event: 1.994 Thread 0x00000000023be000 Uncommon trap: reason=class_check action=maybe_recompile pc=0x00000000028f62a8 method=com.android.dx.rop.type.Type.equals(Ljava/lang/Object;)Z @ 8
Event: 1.994 Thread 0x00000000023be000 Uncommon trap: reason=class_check action=maybe_recompile pc=0x00000000028f62a8 method=com.android.dx.rop.type.Type.equals(Ljava/lang/Object;)Z @ 8
Event: 1.994 Thread 0x00000000023be000 Uncommon trap: reason=class_check action=maybe_recompile pc=0x00000000028f62a8 method=com.android.dx.rop.type.Type.equals(Ljava/lang/Object;)Z @ 8
Event: 1.994 Thread 0x00000000023be000 Uncommon trap: reason=class_check action=maybe_recompile pc=0x00000000028f62a8 method=com.android.dx.rop.type.Type.equals(Ljava/lang/Object;)Z @ 8
Event: 4.747 Thread 0x00000000023be000 Uncommon trap: reason=null_check action=make_not_entrant pc=0x000000000293b4e8 method=com.android.dx.rop.type.Type.putIntern(Lcom/android/dx/rop/type/Type;)Lcom/android/dx/rop/type/Type; @ 18

Internal exceptions (10 events):
Event: 1.126 Thread 0x00000000023be000 Threw 0x00000000eb261700 at C:\re\jdk7u67\1368\hotspot\src\share\vm\prims\jvm.cpp:1244
Event: 1.191 Thread 0x00000000023be000 Threw 0x00000000eb2e68d8 at C:\re\jdk7u67\1368\hotspot\src\share\vm\prims\jvm.cpp:1244
Event: 1.335 Thread 0x00000000023be000 Threw 0x00000000eb3e1d50 at C:\re\jdk7u67\1368\hotspot\src\share\vm\prims\jvm.cpp:1244
Event: 1.453 Thread 0x00000000023be000 Threw 0x00000000eb432bb8 at C:\re\jdk7u67\1368\hotspot\src\share\vm\prims\jvm.cpp:1244
Event: 1.455 Thread 0x00000000023be000 Threw 0x00000000eb43ea18 at C:\re\jdk7u67\1368\hotspot\src\share\vm\prims\jvm.cpp:1244
Event: 1.708 Thread 0x00000000023be000 Implicit null exception at 0x00000000028f34e3 to 0x00000000028f380d
Event: 2.966 Thread 0x00000000023be000 Threw 0x00000000eba88e48 at C:\re\jdk7u67\1368\hotspot\src\share\vm\prims\jvm.cpp:1244
Event: 4.241 Thread 0x00000000023be000 Threw 0x00000000ebd95ab8 at C:\re\jdk7u67\1368\hotspot\src\share\vm\prims\jvm.cpp:1244
Event: 4.747 Thread 0x00000000023be000 Implicit null exception at 0x000000000293addb to 0x000000000293b4d9
Event: 5.961 Thread 0x00000000023be000 Threw 0x00000000ecaad930 at C:\re\jdk7u67\1368\hotspot\src\share\vm\prims\jvm.cpp:1244

Events (10 events):
Event: 2.966 loading class 0x000000000a5416f0 done
Event: 4.241 loading class 0x000000000a363c90
Event: 4.241 loading class 0x000000000a363c90 done
Event: 4.277 Executing VM operation: EnableBiasedLocking
Event: 4.277 Executing VM operation: EnableBiasedLocking done
Event: 4.747 Thread 0x00000000023be000 Uncommon trap: trap_request=0xfffffff4 fr.pc=0x000000000293b4e8
Event: 4.747 Thread 0x00000000023be000 DEOPT PACKING pc=0x000000000293b4e8 sp=0x000000000286ecf0
Event: 4.747 Thread 0x00000000023be000 DEOPT UNPACKING pc=0x00000000028a75a4 sp=0x000000000286ec10 mode 2
Event: 5.961 loading class 0x000000000a3821f0
Event: 5.961 loading class 0x000000000a3821f0 done


Dynamic libraries:
0x000000013f5b0000 - 0x000000013f5e3000 	C:\Program Files\Java\jdk1.7.0_67\bin\java.exe
0x0000000076eb0000 - 0x0000000077059000 	C:\Windows\SYSTEM32\ntdll.dll
0x0000000076d90000 - 0x0000000076eaf000 	C:\Windows\system32\kernel32.dll
0x000007fefcdb0000 - 0x000007fefce1c000 	C:\Windows\system32\KERNELBASE.dll
0x000007fefd820000 - 0x000007fefd8fb000 	C:\Windows\system32\ADVAPI32.dll
0x000007fefd2c0000 - 0x000007fefd35f000 	C:\Windows\system32\msvcrt.dll
0x000007fefea00000 - 0x000007fefea1f000 	C:\Windows\SYSTEM32\sechost.dll
0x000007fefee00000 - 0x000007fefef2d000 	C:\Windows\system32\RPCRT4.dll
0x0000000076c90000 - 0x0000000076d8a000 	C:\Windows\system32\USER32.dll
0x000007fefecd0000 - 0x000007fefed37000 	C:\Windows\system32\GDI32.dll
0x000007fefd360000 - 0x000007fefd36e000 	C:\Windows\system32\LPK.dll
0x000007fefd900000 - 0x000007fefd9c9000 	C:\Windows\system32\USP10.dll
0x000007fefb0d0000 - 0x000007fefb2c4000 	C:\Windows\WinSxS\amd64_microsoft.windows.common-controls_6595b64144ccf1df_6.0.7601.18837_none_fa3b1e3d17594757\COMCTL32.dll
0x000007fefdac0000 - 0x000007fefdb31000 	C:\Windows\system32\SHLWAPI.dll
0x000007fefe930000 - 0x000007fefe95e000 	C:\Windows\system32\IMM32.DLL
0x000007fefd020000 - 0x000007fefd129000 	C:\Windows\system32\MSCTF.dll
0x000007fefcb90000 - 0x000007fefcbc1000 	C:\Windows\system32\nvinitx.dll
0x000000000f000000 - 0x000000000f006000 	C:\Program Files\NVIDIA Corporation\CoProcManager\detoured.dll
0x000007fef9130000 - 0x000007fef915d000 	C:\Program Files\NVIDIA Corporation\CoProcManager\nvd3d9wrapx.dll
0x000007fefd640000 - 0x000007fefd817000 	C:\Windows\system32\SETUPAPI.dll
0x000007fefcc80000 - 0x000007fefccb6000 	C:\Windows\system32\CFGMGR32.dll
0x000007fefd9d0000 - 0x000007fefdaa7000 	C:\Windows\system32\OLEAUT32.dll
0x000007fefef30000 - 0x000007feff133000 	C:\Windows\system32\ole32.dll
0x000007fefce40000 - 0x000007fefce5a000 	C:\Windows\system32\DEVOBJ.dll
0x000007fef8cf0000 - 0x000007fef8d12000 	C:\Program Files\NVIDIA Corporation\CoProcManager\nvdxgiwrapx.dll
0x0000000078f80000 - 0x0000000079052000 	C:\Program Files\Java\jdk1.7.0_67\jre\bin\msvcr100.dll
0x000000006ea00000 - 0x000000006f1d2000 	C:\Program Files\Java\jdk1.7.0_67\jre\bin\server\jvm.dll
0x000007fef7bf0000 - 0x000007fef7bf9000 	C:\Windows\system32\WSOCK32.dll
0x000007fefec80000 - 0x000007fefeccd000 	C:\Windows\system32\WS2_32.dll
0x000007fefdab0000 - 0x000007fefdab8000 	C:\Windows\system32\NSI.dll
0x000007fef9210000 - 0x000007fef924b000 	C:\Windows\system32\WINMM.dll
0x0000000077070000 - 0x0000000077077000 	C:\Windows\system32\PSAPI.DLL
0x0000000072a10000 - 0x0000000072a1f000 	C:\Program Files\Java\jdk1.7.0_67\jre\bin\verify.dll
0x00000000507f0000 - 0x0000000050818000 	C:\Program Files\Java\jdk1.7.0_67\jre\bin\java.dll
0x00000000665c0000 - 0x00000000665d5000 	C:\Program Files\Java\jdk1.7.0_67\jre\bin\zip.dll
0x0000000064f90000 - 0x0000000064fa9000 	C:\Program Files\Java\jdk1.7.0_67\jre\bin\net.dll
0x000007fefc400000 - 0x000007fefc455000 	C:\Windows\system32\mswsock.dll
0x000007fefc3f0000 - 0x000007fefc3f7000 	C:\Windows\System32\wship6.dll
0x0000000064f70000 - 0x0000000064f81000 	C:\Program Files\Java\jdk1.7.0_67\jre\bin\nio.dll

VM Arguments:
jvm_args: -Xmx1024M -Dfile.encoding=windows-1252 -Duser.country=US -Duser.language=en -Duser.variant 
java_command: com.android.dx.command.Main --dex --output C:\Users\Sony\AndroidStudioProjects\Downloader\app\build\intermediates\pre-dexed\debug\internal_impl-22.2.0-abdc72c644f977ee35ebe39e2a499f6f6820bd25.jar C:\Users\Sony\AndroidStudioProjects\Downloader\app\build\intermediates\exploded-aar\com.android.support\support-v4\22.2.0\jars\libs\internal_impl-22.2.0.jar
Launcher Type: SUN_STANDARD

Environment Variables:
PATH=C:\Program Files\Common Files\Microsoft Shared\Windows Live;C:\Program Files (x86)\Common Files\Microsoft Shared\Windows Live;C:\Program Files (x86)\NVIDIA Corporation\PhysX\Common;C:\Windows\system32;C:\Windows;C:\Windows\System32\Wbem;C:\Windows\System32\WindowsPowerShell\v1.0\;C:\Program Files\Intel\WiFi\bin\;C:\Program Files\Common Files\Intel\WirelessCommon\;C:\Program Files (x86)\Intel\OpenCL SDK\2.0\bin\x86;C:\Program Files (x86)\Intel\OpenCL SDK\2.0\bin\x64;C:\Program Files\MATLAB\R2012b\runtime\win64;C:\Program Files\MATLAB\R2012b\bin;C:\Program Files (x86)\Windows Live\Shared;C:\OrCAD\OrCAD_16.6_Lite\tools\pcb\bin;C:\OrCAD\OrCAD_16.6_Lite\tools\fet\bin;C:\OrCAD\OrCAD_16.6_Lite\OpenAccess\bin\win32\opt;C:\OrCAD\OrCAD_16.6_Lite\tools\bin;C:\OrCAD\OrCAD_16.6_Lite\tools\Capture;C:\OrCAD\OrCAD_16.6_Lite\tools\PSpice;C:\Program Files\Intel\WiFi\bin\;C:\Program Files\Common Files\Intel\WirelessCommon\
USERNAME=Sony
OS=Windows_NT
PROCESSOR_IDENTIFIER=Intel64 Family 6 Model 58 Stepping 9, GenuineIntel



---------------  S Y S T E M  ---------------

OS: Windows 7 , 64 bit Build 7601 Service Pack 1

CPU:total 4 (2 cores per cpu, 2 threads per core) family 6 model 58 stepping 9, cmov, cx8, fxsr, mmx, sse, sse2, sse3, ssse3, sse4.1, sse4.2, popcnt, avx, aes, erms, ht, tsc, tscinvbit, tscinv

Memory: 4k page, physical 12479772k(1918624k free), swap 13526508k(5200k free)

vm_info: Java HotSpot(TM) 64-Bit Server VM (24.65-b04) for windows-amd64 JRE (1.7.0_67-b01), built on Jul 25 2014 08:55:00 by "java_re" with unknown MS VC++:1600

time: Fri Aug 28 18:24:38 2015
elapsed time: 6 seconds

