#
# There is insufficient memory for the Java Runtime Environment to continue.
# Native memory allocation (malloc) failed to allocate 131088 bytes for Chunk::new
# Possible reasons:
#   The system is out of physical RAM or swap space
#   In 32 bit mode, the process size limit was hit
# Possible solutions:
#   Reduce memory load on the system
#   Increase physical memory or swap space
#   Check if swap backing store is full
#   Use 64 bit Java on a 64 bit OS
#   Decrease Java heap size (-Xmx/-Xms)
#   Decrease number of Java threads
#   Decrease Java thread stack sizes (-Xss)
#   Set larger code cache with -XX:ReservedCodeCacheSize=
# This output file may be truncated or incomplete.
#
#  Out of Memory Error (allocation.cpp:323), pid=64772, tid=65196
#
# JRE version: Java(TM) SE Runtime Environment (7.0_67-b01) (build 1.7.0_67-b01)
# Java VM: Java HotSpot(TM) 64-Bit Server VM (24.65-b04 mixed mode windows-amd64 compressed oops)
# Failed to write core dump. Minidumps are not enabled by default on client versions of Windows
#

---------------  T H R E A D  ---------------

Current thread (0x00000000086cf800):  JavaThread "C2 CompilerThread0" daemon [_thread_in_native, id=65196, stack(0x0000000009ef0000,0x0000000009ff0000)]

Stack: [0x0000000009ef0000,0x0000000009ff0000]
[error occurred during error reporting (printing stack bounds), id 0xc0000005]


Current CompileTask:
C2:   6403  387   !         com.android.dx.cf.code.RopperMachine::run (1550 bytes)


---------------  P R O C E S S  ---------------

Java Threads: ( => current thread )
  0x00000000086d3800 JavaThread "Service Thread" daemon [_thread_blocked, id=51588, stack(0x000000000a0a0000,0x000000000a1a0000)]
  0x00000000086d3000 JavaThread "C2 CompilerThread1" daemon [_thread_in_native, id=64164, stack(0x0000000009b90000,0x0000000009c90000)]
=>0x00000000086cf800 JavaThread "C2 CompilerThread0" daemon [_thread_in_native, id=65196, stack(0x0000000009ef0000,0x0000000009ff0000)]
  0x00000000086ce800 JavaThread "Attach Listener" daemon [_thread_blocked, id=65412, stack(0x0000000009df0000,0x0000000009ef0000)]
  0x00000000086c7000 JavaThread "Signal Dispatcher" daemon [_thread_blocked, id=65520, stack(0x0000000009cc0000,0x0000000009dc0000)]
  0x000000000866f000 JavaThread "Finalizer" daemon [_thread_blocked, id=65152, stack(0x0000000009930000,0x0000000009a30000)]
  0x000000000866d800 JavaThread "Reference Handler" daemon [_thread_blocked, id=65516, stack(0x0000000009a30000,0x0000000009b30000)]
  0x00000000023de000 JavaThread "main" [_thread_in_vm, id=65364, stack(0x0000000002570000,0x0000000002670000)]

Other Threads:
  0x0000000008668000 VMThread [stack: 0x00000000097d0000,0x00000000098d0000] [id=65148]
  0x00000000086d5000 WatcherThread [stack: 0x000000000a330000,0x000000000a430000] [id=65532]

VM state:not at safepoint (normal execution)

VM Mutex/Monitor currently owned by a thread: None

Heap
 PSYoungGen      total 57344K, used 32266K [0x00000000eaa80000, 0x00000000f1a80000, 0x0000000100000000)
  eden space 49664K, 49% used [0x00000000eaa80000,0x00000000ec284e20,0x00000000edb00000)
  from space 7680K, 99% used [0x00000000edb00000,0x00000000ee27daf8,0x00000000ee280000)
  to   space 7680K, 0% used [0x00000000f1300000,0x00000000f1300000,0x00000000f1a80000)
 ParOldGen       total 130048K, used 1572K [0x00000000c0000000, 0x00000000c7f00000, 0x00000000eaa80000)
  object space 130048K, 1% used [0x00000000c0000000,0x00000000c0189008,0x00000000c7f00000)
 PSPermGen       total 21504K, used 5604K [0x00000000bae00000, 0x00000000bc300000, 0x00000000c0000000)
  object space 21504K, 26% used [0x00000000bae00000,0x00000000bb3791b8,0x00000000bc300000)

Card table byte_map: [0x0000000005730000,0x0000000005960000] byte_map_base: 0x0000000005159000

Polling page: 0x0000000000130000

Code Cache  [0x0000000002670000, 0x00000000028e0000, 0x0000000005670000)
 total_blobs=613 nmethods=379 adapters=186 free_code_cache=47614Kb largest_free_block=48701888

Compilation events (10 events):
Event: 6.360 Thread 0x00000000086d3000 nmethod 383 0x0000000002748950 code [0x0000000002748b00, 0x00000000027490c0]
Event: 6.360 Thread 0x00000000086d3000  386             com.android.dx.cf.code.BytecodeArray::processWorkSet (50 bytes)
Event: 6.361 Thread 0x00000000086cf800 nmethod 385 0x00000000027481d0 code [0x0000000002748340, 0x0000000002748678]
Event: 6.361 Thread 0x00000000086cf800  387   !         com.android.dx.cf.code.RopperMachine::run (1550 bytes)
Event: 6.369 Thread 0x00000000086d3000 nmethod 386 0x0000000002724e10 code [0x0000000002724f60, 0x00000000027252c8]
Event: 6.369 Thread 0x00000000086d3000  388             com.android.dx.util.Bits::or (24 bytes)
Event: 6.371 Thread 0x00000000086d3000 nmethod 388 0x00000000026f4610 code [0x00000000026f4740, 0x00000000026f47d8]
Event: 6.371 Thread 0x00000000086d3000  389             com.android.dx.ssa.SetFactory::makeInterferenceSet (26 bytes)
Event: 6.373 Thread 0x00000000086d3000 nmethod 389 0x00000000027456d0 code [0x0000000002745820, 0x0000000002745998]
Event: 6.373 Thread 0x00000000086d3000  390             com.android.dx.ssa.back.InterferenceGraph::ensureCapacity (42 bytes)

GC Heap History (2 events):
Event: 4.730 GC heap before
{Heap before GC invocations=1 (full 0):
 PSYoungGen      total 57344K, used 49664K [0x00000000eaa80000, 0x00000000eea00000, 0x0000000100000000)
  eden space 49664K, 100% used [0x00000000eaa80000,0x00000000edb00000,0x00000000edb00000)
  from space 7680K, 0% used [0x00000000ee280000,0x00000000ee280000,0x00000000eea00000)
  to   space 7680K, 0% used [0x00000000edb00000,0x00000000edb00000,0x00000000ee280000)
 ParOldGen       total 130048K, used 0K [0x00000000c0000000, 0x00000000c7f00000, 0x00000000eaa80000)
  object space 130048K, 0% used [0x00000000c0000000,0x00000000c0000000,0x00000000c7f00000)
 PSPermGen       total 21504K, used 5548K [0x00000000bae00000, 0x00000000bc300000, 0x00000000c0000000)
  object space 21504K, 25% used [0x00000000bae00000,0x00000000bb36b380,0x00000000bc300000)
Event: 5.527 GC heap after
Heap after GC invocations=1 (full 0):
 PSYoungGen      total 57344K, used 7670K [0x00000000eaa80000, 0x00000000f1a80000, 0x0000000100000000)
  eden space 49664K, 0% used [0x00000000eaa80000,0x00000000eaa80000,0x00000000edb00000)
  from space 7680K, 99% used [0x00000000edb00000,0x00000000ee27daf8,0x00000000ee280000)
  to   space 7680K, 0% used [0x00000000f1300000,0x00000000f1300000,0x00000000f1a80000)
 ParOldGen       total 130048K, used 1572K [0x00000000c0000000, 0x00000000c7f00000, 0x00000000eaa80000)
  object space 130048K, 1% used [0x00000000c0000000,0x00000000c0189008,0x00000000c7f00000)
 PSPermGen       total 21504K, used 5548K [0x00000000bae00000, 0x00000000bc300000, 0x00000000c0000000)
  object space 21504K, 25% used [0x00000000bae00000,0x00000000bb36b380,0x00000000bc300000)
}

Deoptimization events (10 events):
Event: 5.869 Thread 0x00000000023de000 Uncommon trap: reason=unreached action=reinterpret pc=0x000000000279017c method=com.android.dx.cf.code.BaseMachine.getLocalTarget(Z)Lcom/android/dx/rop/code/RegisterSpec; @ 131
Event: 5.943 Thread 0x00000000023de000 Uncommon trap: reason=bimorphic action=maybe_recompile pc=0x00000000027aa2bc method=com.android.dx.ssa.LiteralOpUpgrader.tryReplacingWithConstant(Lcom/android/dx/ssa/NormalSsaInsn;)Z @ 52
Event: 5.949 Thread 0x00000000023de000 Uncommon trap: reason=bimorphic action=maybe_recompile pc=0x00000000027aa2bc method=com.android.dx.ssa.LiteralOpUpgrader.tryReplacingWithConstant(Lcom/android/dx/ssa/NormalSsaInsn;)Z @ 52
Event: 5.950 Thread 0x00000000023de000 Uncommon trap: reason=bimorphic action=maybe_recompile pc=0x00000000027aa2bc method=com.android.dx.ssa.LiteralOpUpgrader.tryReplacingWithConstant(Lcom/android/dx/ssa/NormalSsaInsn;)Z @ 52
Event: 6.210 Thread 0x00000000023de000 Uncommon trap: reason=class_check action=maybe_recompile pc=0x00000000027752a8 method=com.android.dx.cf.code.Ropper.processBlock(Lcom/android/dx/cf/code/ByteBlock;Lcom/android/dx/cf/code/Frame;[I)V @ 777
Event: 6.217 Thread 0x00000000023de000 Uncommon trap: reason=class_check action=maybe_recompile pc=0x000000000273fefc method=java.util.HashMap.put(Ljava/lang/Object;Ljava/lang/Object;)Ljava/lang/Object; @ 83
Event: 6.217 Thread 0x00000000023de000 Uncommon trap: reason=class_check action=maybe_recompile pc=0x000000000273fefc method=java.util.HashMap.put(Ljava/lang/Object;Ljava/lang/Object;)Ljava/lang/Object; @ 83
Event: 6.217 Thread 0x00000000023de000 Uncommon trap: reason=class_check action=maybe_recompile pc=0x000000000273fefc method=java.util.HashMap.put(Ljava/lang/Object;Ljava/lang/Object;)Ljava/lang/Object; @ 83
Event: 6.221 Thread 0x00000000023de000 Uncommon trap: reason=class_check action=maybe_recompile pc=0x00000000027752a8 method=com.android.dx.cf.code.Ropper.processBlock(Lcom/android/dx/cf/code/ByteBlock;Lcom/android/dx/cf/code/Frame;[I)V @ 777
Event: 6.269 Thread 0x00000000023de000 Uncommon trap: reason=bimorphic action=maybe_recompile pc=0x00000000027aa2bc method=com.android.dx.ssa.LiteralOpUpgrader.tryReplacingWithConstant(Lcom/android/dx/ssa/NormalSsaInsn;)Z @ 52

Internal exceptions (10 events):
Event: 1.752 Thread 0x00000000023de000 Threw 0x00000000ebb5f0c0 at C:\re\jdk7u67\1368\hotspot\src\share\vm\prims\jvm.cpp:1244
Event: 1.973 Thread 0x00000000023de000 Implicit null exception at 0x000000000271e422 to 0x000000000271f3ad
Event: 2.660 Thread 0x00000000023de000 Threw 0x00000000ec83bfd0 at C:\re\jdk7u67\1368\hotspot\src\share\vm\prims\jvm.cpp:1244
Event: 4.157 Thread 0x00000000023de000 Implicit null exception at 0x000000000279cd60 to 0x000000000279e159
Event: 4.197 Thread 0x00000000023de000 Threw 0x00000000ed71f370 at C:\re\jdk7u67\1368\hotspot\src\share\vm\prims\jvm.cpp:1244
Event: 5.738 Thread 0x00000000023de000 Threw 0x00000000eaf1b260 at C:\re\jdk7u67\1368\hotspot\src\share\vm\prims\jvm.cpp:1244
Event: 5.738 Thread 0x00000000023de000 Threw 0x00000000eaf1d788 at C:\re\jdk7u67\1368\hotspot\src\share\vm\prims\jvm.cpp:1244
Event: 5.812 Thread 0x00000000023de000 Threw 0x00000000eb0ced70 at C:\re\jdk7u67\1368\hotspot\src\share\vm\prims\jvm.cpp:1244
Event: 5.813 Thread 0x00000000023de000 Threw 0x00000000eb0d45b0 at C:\re\jdk7u67\1368\hotspot\src\share\vm\prims\jvm.cpp:1244
Event: 5.813 Thread 0x00000000023de000 Threw 0x00000000eb0d9b78 at C:\re\jdk7u67\1368\hotspot\src\share\vm\prims\jvm.cpp:1244

Events (10 events):
Event: 6.221 Thread 0x00000000023de000 Uncommon trap: trap_request=0xffffffde fr.pc=0x00000000027752a8
Event: 6.222 Thread 0x00000000023de000 DEOPT PACKING pc=0x00000000027752a8 sp=0x000000000266e9f0
Event: 6.222 Thread 0x00000000023de000 DEOPT UNPACKING pc=0x00000000026a75a4 sp=0x000000000266e968 mode 2
Event: 6.269 Thread 0x00000000023de000 Uncommon trap: trap_request=0xffffffc6 fr.pc=0x00000000027aa2bc
Event: 6.269 Thread 0x00000000023de000 DEOPT PACKING pc=0x00000000027aa2bc sp=0x000000000266e810
Event: 6.269 Thread 0x00000000023de000 DEOPT UNPACKING pc=0x00000000026a75a4 sp=0x000000000266e740 mode 2
Event: 6.287 Thread 0x00000000086cf800 flushing nmethod 0x0000000002708810
Event: 6.302 Thread 0x00000000086d3000 flushing nmethod 0x0000000002721e10
Event: 6.302 Thread 0x00000000086d3000 flushing nmethod 0x00000000027243d0
Event: 6.309 Thread 0x00000000086cf800 flushing nmethod 0x0000000002745490


Dynamic libraries:
0x000000013f330000 - 0x000000013f363000 	C:\Program Files\Java\jdk1.7.0_67\bin\java.exe
0x0000000076eb0000 - 0x0000000077059000 	C:\Windows\SYSTEM32\ntdll.dll
0x0000000076d90000 - 0x0000000076eaf000 	C:\Windows\system32\kernel32.dll
0x000007fefcdb0000 - 0x000007fefce1c000 	C:\Windows\system32\KERNELBASE.dll
0x000007fefd820000 - 0x000007fefd8fb000 	C:\Windows\system32\ADVAPI32.dll
0x000007fefd2c0000 - 0x000007fefd35f000 	C:\Windows\system32\msvcrt.dll
0x000007fefea00000 - 0x000007fefea1f000 	C:\Windows\SYSTEM32\sechost.dll
0x000007fefee00000 - 0x000007fefef2d000 	C:\Windows\system32\RPCRT4.dll
0x0000000076c90000 - 0x0000000076d8a000 	C:\Windows\system32\USER32.dll
0x000007fefecd0000 - 0x000007fefed37000 	C:\Windows\system32\GDI32.dll
0x000007fefd360000 - 0x000007fefd36e000 	C:\Windows\system32\LPK.dll
0x000007fefd900000 - 0x000007fefd9c9000 	C:\Windows\system32\USP10.dll
0x000007fefb0d0000 - 0x000007fefb2c4000 	C:\Windows\WinSxS\amd64_microsoft.windows.common-controls_6595b64144ccf1df_6.0.7601.18837_none_fa3b1e3d17594757\COMCTL32.dll
0x000007fefdac0000 - 0x000007fefdb31000 	C:\Windows\system32\SHLWAPI.dll
0x000007fefe930000 - 0x000007fefe95e000 	C:\Windows\system32\IMM32.DLL
0x000007fefd020000 - 0x000007fefd129000 	C:\Windows\system32\MSCTF.dll
0x000007fefcb90000 - 0x000007fefcbc1000 	C:\Windows\system32\nvinitx.dll
0x000000000f000000 - 0x000000000f006000 	C:\Program Files\NVIDIA Corporation\CoProcManager\detoured.dll
0x000007fef9130000 - 0x000007fef915d000 	C:\Program Files\NVIDIA Corporation\CoProcManager\nvd3d9wrapx.dll
0x000007fefd640000 - 0x000007fefd817000 	C:\Windows\system32\SETUPAPI.dll
0x000007fefcc80000 - 0x000007fefccb6000 	C:\Windows\system32\CFGMGR32.dll
0x000007fefd9d0000 - 0x000007fefdaa7000 	C:\Windows\system32\OLEAUT32.dll
0x000007fefef30000 - 0x000007feff133000 	C:\Windows\system32\ole32.dll
0x000007fefce40000 - 0x000007fefce5a000 	C:\Windows\system32\DEVOBJ.dll
0x000007fef8cf0000 - 0x000007fef8d12000 	C:\Program Files\NVIDIA Corporation\CoProcManager\nvdxgiwrapx.dll
0x00000000790d0000 - 0x00000000791a2000 	C:\Program Files\Java\jdk1.7.0_67\jre\bin\msvcr100.dll
0x000000006ea60000 - 0x000000006f232000 	C:\Program Files\Java\jdk1.7.0_67\jre\bin\server\jvm.dll
0x000007fef7bf0000 - 0x000007fef7bf9000 	C:\Windows\system32\WSOCK32.dll
0x000007fefec80000 - 0x000007fefeccd000 	C:\Windows\system32\WS2_32.dll
0x000007fefdab0000 - 0x000007fefdab8000 	C:\Windows\system32\NSI.dll
0x000007fef9210000 - 0x000007fef924b000 	C:\Windows\system32\WINMM.dll
0x0000000077070000 - 0x0000000077077000 	C:\Windows\system32\PSAPI.DLL
0x0000000072a10000 - 0x0000000072a1f000 	C:\Program Files\Java\jdk1.7.0_67\jre\bin\verify.dll
0x00000000552c0000 - 0x00000000552e8000 	C:\Program Files\Java\jdk1.7.0_67\jre\bin\java.dll
0x00000000665c0000 - 0x00000000665d5000 	C:\Program Files\Java\jdk1.7.0_67\jre\bin\zip.dll
0x0000000064f70000 - 0x0000000064f89000 	C:\Program Files\Java\jdk1.7.0_67\jre\bin\net.dll
0x000007fefc400000 - 0x000007fefc455000 	C:\Windows\system32\mswsock.dll
0x000007fefc3f0000 - 0x000007fefc3f7000 	C:\Windows\System32\wship6.dll
0x0000000064f90000 - 0x0000000064fa1000 	C:\Program Files\Java\jdk1.7.0_67\jre\bin\nio.dll

VM Arguments:
jvm_args: -Xmx1024M -Dfile.encoding=windows-1252 -Duser.country=US -Duser.language=en -Duser.variant 
java_command: com.android.dx.command.Main --dex --output C:\Users\Sony\AndroidStudioProjects\Downloader\app\build\intermediates\pre-dexed\debug\classes-1a091403c97b9809815be575e85fef6de3bc06b6.jar C:\Users\Sony\AndroidStudioProjects\Downloader\app\build\intermediates\exploded-aar\com.android.support\appcompat-v7\22.2.0\jars\classes.jar
Launcher Type: SUN_STANDARD

Environment Variables:
PATH=C:\Program Files\Common Files\Microsoft Shared\Windows Live;C:\Program Files (x86)\Common Files\Microsoft Shared\Windows Live;C:\Program Files (x86)\NVIDIA Corporation\PhysX\Common;C:\Windows\system32;C:\Windows;C:\Windows\System32\Wbem;C:\Windows\System32\WindowsPowerShell\v1.0\;C:\Program Files\Intel\WiFi\bin\;C:\Program Files\Common Files\Intel\WirelessCommon\;C:\Program Files (x86)\Intel\OpenCL SDK\2.0\bin\x86;C:\Program Files (x86)\Intel\OpenCL SDK\2.0\bin\x64;C:\Program Files\MATLAB\R2012b\runtime\win64;C:\Program Files\MATLAB\R2012b\bin;C:\Program Files (x86)\Windows Live\Shared;C:\OrCAD\OrCAD_16.6_Lite\tools\pcb\bin;C:\OrCAD\OrCAD_16.6_Lite\tools\fet\bin;C:\OrCAD\OrCAD_16.6_Lite\OpenAccess\bin\win32\opt;C:\OrCAD\OrCAD_16.6_Lite\tools\bin;C:\OrCAD\OrCAD_16.6_Lite\tools\Capture;C:\OrCAD\OrCAD_16.6_Lite\tools\PSpice;C:\Program Files\Intel\WiFi\bin\;C:\Program Files\Common Files\Intel\WirelessCommon\
USERNAME=Sony
OS=Windows_NT
PROCESSOR_IDENTIFIER=Intel64 Family 6 Model 58 Stepping 9, GenuineIntel



---------------  S Y S T E M  ---------------

OS: Windows 7 , 64 bit Build 7601 Service Pack 1

CPU:total 4 (2 cores per cpu, 2 threads per core) family 6 model 58 stepping 9, cmov, cx8, fxsr, mmx, sse, sse2, sse3, ssse3, sse4.1, sse4.2, popcnt, avx, aes, erms, ht, tsc, tscinvbit, tscinv

Memory: 4k page, physical 12479772k(2382348k free), swap 13526508k(5176k free)

vm_info: Java HotSpot(TM) 64-Bit Server VM (24.65-b04) for windows-amd64 JRE (1.7.0_67-b01), built on Jul 25 2014 08:55:00 by "java_re" with unknown MS VC++:1600

time: Sat Aug 29 01:01:38 2015
elapsed time: 6 seconds

