#
# There is insufficient memory for the Java Runtime Environment to continue.
# Native memory allocation (malloc) failed to allocate 1048576 bytes for AllocateHeap
# Possible reasons:
#   The system is out of physical RAM or swap space
#   In 32 bit mode, the process size limit was hit
# Possible solutions:
#   Reduce memory load on the system
#   Increase physical memory or swap space
#   Check if swap backing store is full
#   Use 64 bit Java on a 64 bit OS
#   Decrease Java heap size (-Xmx/-Xms)
#   Decrease number of Java threads
#   Decrease Java thread stack sizes (-Xss)
#   Set larger code cache with -XX:ReservedCodeCacheSize=
# This output file may be truncated or incomplete.
#
#  Out of Memory Error (memory/allocation.inline.hpp:61), pid=39740, tid=39852
#
# JRE version:  (7.0_67-b01) (build )
# Java VM: Java HotSpot(TM) 64-Bit Server VM (24.65-b04 mixed mode windows-amd64 compressed oops)
# Failed to write core dump. Minidumps are not enabled by default on client versions of Windows
#

---------------  T H R E A D  ---------------

Current thread (0x000000000254e000):  JavaThread "Unknown thread" [_thread_in_vm, id=39852, stack(0x00000000027f0000,0x00000000028f0000)]

Stack: [0x00000000027f0000,0x00000000028f0000]
[error occurred during error reporting (printing stack bounds), id 0xc0000005]


---------------  P R O C E S S  ---------------

Java Threads: ( => current thread )

Other Threads:

=>0x000000000254e000 (exited) JavaThread "Unknown thread" [_thread_in_vm, id=39852, stack(0x00000000027f0000,0x00000000028f0000)]

VM state:not at safepoint (normal execution)

VM Mutex/Monitor currently owned by a thread: None

Heap
 PSYoungGen      total 57344K, used 993K [0x00000000eaa80000, 0x00000000eea00000, 0x0000000100000000)
  eden space 49664K, 2% used [0x00000000eaa80000,0x00000000eab78588,0x00000000edb00000)
  from space 7680K, 0% used [0x00000000ee280000,0x00000000ee280000,0x00000000eea00000)
  to   space 7680K, 0% used [0x00000000edb00000,0x00000000edb00000,0x00000000ee280000)
 ParOldGen       total 130048K, used 0K [0x00000000c0000000, 0x00000000c7f00000, 0x00000000eaa80000)
  object space 130048K, 0% used [0x00000000c0000000,0x00000000c0000000,0x00000000c7f00000)
 PSPermGen       total 21504K, used 693K [0x00000000bae00000, 0x00000000bc300000, 0x00000000c0000000)
  object space 21504K, 3% used [0x00000000bae00000,0x00000000baead660,0x00000000bc300000)

Card table byte_map: [0x00000000058f0000,0x0000000005b20000] byte_map_base: 0x0000000005319000

Polling page: 0x0000000000230000

Code Cache  [0x00000000028f0000, 0x0000000002b60000, 0x00000000058f0000)
 total_blobs=38 nmethods=0 adapters=20 free_code_cache=48889Kb largest_free_block=50062528

Compilation events (0 events):
No events

GC Heap History (0 events):
No events

Deoptimization events (0 events):
No events

Internal exceptions (0 events):
No events

Events (10 events):
Event: 0.026 loading class 0x000000000247de10
Event: 0.027 loading class 0x000000000247de10 done
Event: 0.027 loading class 0x000000000247de60
Event: 0.027 loading class 0x000000000247de60 done
Event: 0.027 loading class 0x000000000247deb0
Event: 0.027 loading class 0x000000000247deb0 done
Event: 0.028 loading class 0x000000000247ec10
Event: 0.028 loading class 0x000000000247ec10 done
Event: 0.028 loading class 0x000000000247e830
Event: 0.028 loading class 0x000000000247e830 done


Dynamic libraries:
0x000000013f5b0000 - 0x000000013f5e3000 	C:\Program Files\Java\jdk1.7.0_67\bin\java.exe
0x0000000076eb0000 - 0x0000000077059000 	C:\Windows\SYSTEM32\ntdll.dll
0x0000000076d90000 - 0x0000000076eaf000 	C:\Windows\system32\kernel32.dll
0x000007fefcdb0000 - 0x000007fefce1c000 	C:\Windows\system32\KERNELBASE.dll
0x000007fefd820000 - 0x000007fefd8fb000 	C:\Windows\system32\ADVAPI32.dll
0x000007fefd2c0000 - 0x000007fefd35f000 	C:\Windows\system32\msvcrt.dll
0x000007fefea00000 - 0x000007fefea1f000 	C:\Windows\SYSTEM32\sechost.dll
0x000007fefee00000 - 0x000007fefef2d000 	C:\Windows\system32\RPCRT4.dll
0x0000000076c90000 - 0x0000000076d8a000 	C:\Windows\system32\USER32.dll
0x000007fefecd0000 - 0x000007fefed37000 	C:\Windows\system32\GDI32.dll
0x000007fefd360000 - 0x000007fefd36e000 	C:\Windows\system32\LPK.dll
0x000007fefd900000 - 0x000007fefd9c9000 	C:\Windows\system32\USP10.dll
0x000007fefb0d0000 - 0x000007fefb2c4000 	C:\Windows\WinSxS\amd64_microsoft.windows.common-controls_6595b64144ccf1df_6.0.7601.18837_none_fa3b1e3d17594757\COMCTL32.dll
0x000007fefdac0000 - 0x000007fefdb31000 	C:\Windows\system32\SHLWAPI.dll
0x000007fefe930000 - 0x000007fefe95e000 	C:\Windows\system32\IMM32.DLL
0x000007fefd020000 - 0x000007fefd129000 	C:\Windows\system32\MSCTF.dll
0x000007fefcb90000 - 0x000007fefcbc1000 	C:\Windows\system32\nvinitx.dll
0x000000000f000000 - 0x000000000f006000 	C:\Program Files\NVIDIA Corporation\CoProcManager\detoured.dll
0x000007fef9130000 - 0x000007fef915d000 	C:\Program Files\NVIDIA Corporation\CoProcManager\nvd3d9wrapx.dll
0x000007fefd640000 - 0x000007fefd817000 	C:\Windows\system32\SETUPAPI.dll
0x000007fefcc80000 - 0x000007fefccb6000 	C:\Windows\system32\CFGMGR32.dll
0x000007fefd9d0000 - 0x000007fefdaa7000 	C:\Windows\system32\OLEAUT32.dll
0x000007fefef30000 - 0x000007feff133000 	C:\Windows\system32\ole32.dll
0x000007fefce40000 - 0x000007fefce5a000 	C:\Windows\system32\DEVOBJ.dll
0x000007fef8cf0000 - 0x000007fef8d12000 	C:\Program Files\NVIDIA Corporation\CoProcManager\nvdxgiwrapx.dll
0x0000000078f80000 - 0x0000000079052000 	C:\Program Files\Java\jdk1.7.0_67\jre\bin\msvcr100.dll
0x000000006ea00000 - 0x000000006f1d2000 	C:\Program Files\Java\jdk1.7.0_67\jre\bin\server\jvm.dll
0x000007fef7bf0000 - 0x000007fef7bf9000 	C:\Windows\system32\WSOCK32.dll
0x000007fefec80000 - 0x000007fefeccd000 	C:\Windows\system32\WS2_32.dll
0x000007fefdab0000 - 0x000007fefdab8000 	C:\Windows\system32\NSI.dll
0x000007fef9210000 - 0x000007fef924b000 	C:\Windows\system32\WINMM.dll
0x0000000077070000 - 0x0000000077077000 	C:\Windows\system32\PSAPI.DLL
0x0000000072a10000 - 0x0000000072a1f000 	C:\Program Files\Java\jdk1.7.0_67\jre\bin\verify.dll
0x00000000507f0000 - 0x0000000050818000 	C:\Program Files\Java\jdk1.7.0_67\jre\bin\java.dll
0x00000000665c0000 - 0x00000000665d5000 	C:\Program Files\Java\jdk1.7.0_67\jre\bin\zip.dll

VM Arguments:
jvm_args: -Xmx1024M -Dfile.encoding=windows-1252 -Duser.country=US -Duser.language=en -Duser.variant 
java_command: com.android.dx.command.Main --dex --output C:\Users\Sony\AndroidStudioProjects\Downloader\app\build\intermediates\pre-dexed\debug\classes-1a091403c97b9809815be575e85fef6de3bc06b6.jar C:\Users\Sony\AndroidStudioProjects\Downloader\app\build\intermediates\exploded-aar\com.android.support\appcompat-v7\22.2.0\jars\classes.jar
Launcher Type: SUN_STANDARD

Environment Variables:
PATH=C:\Program Files\Common Files\Microsoft Shared\Windows Live;C:\Program Files (x86)\Common Files\Microsoft Shared\Windows Live;C:\Program Files (x86)\NVIDIA Corporation\PhysX\Common;C:\Windows\system32;C:\Windows;C:\Windows\System32\Wbem;C:\Windows\System32\WindowsPowerShell\v1.0\;C:\Program Files\Intel\WiFi\bin\;C:\Program Files\Common Files\Intel\WirelessCommon\;C:\Program Files (x86)\Intel\OpenCL SDK\2.0\bin\x86;C:\Program Files (x86)\Intel\OpenCL SDK\2.0\bin\x64;C:\Program Files\MATLAB\R2012b\runtime\win64;C:\Program Files\MATLAB\R2012b\bin;C:\Program Files (x86)\Windows Live\Shared;C:\OrCAD\OrCAD_16.6_Lite\tools\pcb\bin;C:\OrCAD\OrCAD_16.6_Lite\tools\fet\bin;C:\OrCAD\OrCAD_16.6_Lite\OpenAccess\bin\win32\opt;C:\OrCAD\OrCAD_16.6_Lite\tools\bin;C:\OrCAD\OrCAD_16.6_Lite\tools\Capture;C:\OrCAD\OrCAD_16.6_Lite\tools\PSpice;C:\Program Files\Intel\WiFi\bin\;C:\Program Files\Common Files\Intel\WirelessCommon\
USERNAME=Sony
OS=Windows_NT
PROCESSOR_IDENTIFIER=Intel64 Family 6 Model 58 Stepping 9, GenuineIntel



---------------  S Y S T E M  ---------------

OS: Windows 7 , 64 bit Build 7601 Service Pack 1

CPU:total 4 (2 cores per cpu, 2 threads per core) family 6 model 58 stepping 9, cmov, cx8, fxsr, mmx, sse, sse2, sse3, ssse3, sse4.1, sse4.2, popcnt, avx, aes, erms, ht, tsc, tscinvbit, tscinv

Memory: 4k page, physical 12479772k(2739048k free), swap 13526508k(5704k free)

vm_info: Java HotSpot(TM) 64-Bit Server VM (24.65-b04) for windows-amd64 JRE (1.7.0_67-b01), built on Jul 25 2014 08:55:00 by "java_re" with unknown MS VC++:1600

time: Fri Aug 28 18:56:07 2015
elapsed time: 0 seconds

